{
  "stats": {
    "suites": 1,
    "tests": 1,
    "passes": 0,
    "pending": 0,
    "failures": 1,
    "start": "2025-12-29T19:41:48.142Z",
    "end": "2025-12-29T19:42:00.490Z",
    "duration": 12348,
    "testsRegistered": 1,
    "passPercent": 0,
    "pendingPercent": 0,
    "other": 0,
    "hasOther": false,
    "skipped": 0,
    "hasSkipped": false
  },
  "results": [
    {
      "uuid": "f3005664-b1a8-4f0e-9a68-d28fada0811d",
      "title": "",
      "fullFile": "cypress\\e2e\\lesson21.cy.js",
      "file": "cypress\\e2e\\lesson21.cy.js",
      "beforeHooks": [],
      "afterHooks": [],
      "tests": [],
      "suites": [
        {
          "uuid": "0f74f173-805a-43ee-b4f1-37e9562a890c",
          "title": "Garage and Expenses Tests",
          "fullFile": "",
          "file": "",
          "beforeHooks": [],
          "afterHooks": [],
          "tests": [
            {
              "title": "Should add a car and fuel expenses",
              "fullTitle": "Garage and Expenses Tests Should add a car and fuel expenses",
              "timedOut": null,
              "duration": 12326,
              "state": "failed",
              "speed": null,
              "pass": false,
              "fail": true,
              "pending": false,
              "context": null,
              "code": "_GaragePage.default.addCar('BMW', 'X5', '100'); // Використовуємо POM\n_GaragePage.default.addExpense('150', '10', '500'); // Використовуємо POM\ncy.get('tbody tr').should('have.length.at.least', 1);",
              "err": {
                "message": "CypressError: Timed out retrying after 4050ms: `cy.click()` failed because this element is `disabled`:\n\n`<button _ngcontent-rxc-c72=\"\" type=\"button\" class=\"btn btn-primary\" disabled=\"\">Add</button>`\n\nFix this problem, or use `{force: true}` to disable error checking.\n\nhttps://on.cypress.io/element-cannot-be-interacted-with",
                "estack": "CypressError: Timed out retrying after 4050ms: `cy.click()` failed because this element is `disabled`:\n\n`<button _ngcontent-rxc-c72=\"\" type=\"button\" class=\"btn btn-primary\" disabled=\"\">Add</button>`\n\nFix this problem, or use `{force: true}` to disable error checking.\n\nhttps://on.cypress.io/element-cannot-be-interacted-with\n    at Object.isNotDisabled (https://guest:welcome2qauto@qauto.forstudy.space/__cypress/runner/cypress_runner.js:152632:58)\n    at runAllChecks (https://guest:welcome2qauto@qauto.forstudy.space/__cypress/runner/cypress_runner.js:115140:26)\n    at retryActionability (https://guest:welcome2qauto@qauto.forstudy.space/__cypress/runner/cypress_runner.js:115229:16)\n    at tryCatcher (https://guest:welcome2qauto@qauto.forstudy.space/__cypress/runner/cypress_runner.js:1777:23)\n    at Promise.attempt.Promise.try (https://guest:welcome2qauto@qauto.forstudy.space/__cypress/runner/cypress_runner.js:4285:29)\n    at whenStable (https://guest:welcome2qauto@qauto.forstudy.space/__cypress/runner/cypress_runner.js:151493:68)\n    at <unknown> (https://guest:welcome2qauto@qauto.forstudy.space/__cypress/runner/cypress_runner.js:151434:14)\n    at tryCatcher (https://guest:welcome2qauto@qauto.forstudy.space/__cypress/runner/cypress_runner.js:1777:23)\n    at Promise._settlePromiseFromHandler (https://guest:welcome2qauto@qauto.forstudy.space/__cypress/runner/cypress_runner.js:1489:31)\n    at Promise._settlePromise (https://guest:welcome2qauto@qauto.forstudy.space/__cypress/runner/cypress_runner.js:1546:18)\n    at Promise._settlePromise0 (https://guest:welcome2qauto@qauto.forstudy.space/__cypress/runner/cypress_runner.js:1591:10)\n    at Promise._settlePromises (https://guest:welcome2qauto@qauto.forstudy.space/__cypress/runner/cypress_runner.js:1671:18)\n    at Promise._fulfill (https://guest:welcome2qauto@qauto.forstudy.space/__cypress/runner/cypress_runner.js:1615:18)\n    at <unknown> (https://guest:welcome2qauto@qauto.forstudy.space/__cypress/runner/cypress_runner.js:5420:46)",
                "diff": null
              },
              "uuid": "fe226feb-2665-4f86-aa9f-be4e65cdf6ac",
              "parentUUID": "0f74f173-805a-43ee-b4f1-37e9562a890c",
              "isHook": false,
              "skipped": false
            }
          ],
          "suites": [],
          "passes": [],
          "failures": [
            "fe226feb-2665-4f86-aa9f-be4e65cdf6ac"
          ],
          "pending": [],
          "skipped": [],
          "duration": 12326,
          "root": false,
          "rootEmpty": false,
          "_timeout": 2000
        }
      ],
      "passes": [],
      "failures": [],
      "pending": [],
      "skipped": [],
      "duration": 0,
      "root": true,
      "rootEmpty": true,
      "_timeout": 2000
    }
  ],
  "meta": {
    "mocha": {
      "version": "7.2.0"
    },
    "mochawesome": {
      "options": {
        "quiet": false,
        "reportFilename": "mochawesome",
        "saveHtml": true,
        "saveJson": true,
        "consoleReporter": "spec",
        "useInlineDiffs": false,
        "code": true
      },
      "version": "7.1.4"
    },
    "marge": {
      "options": {
        "reportDir": "cypress/results",
        "overwrite": false,
        "html": true,
        "json": true
      },
      "version": "6.3.2"
    }
  }
}