{
  "stats": {
    "suites": 1,
    "tests": 2,
    "passes": 2,
    "pending": 0,
    "failures": 0,
    "start": "2025-12-23T17:38:49.414Z",
    "end": "2025-12-23T17:38:58.454Z",
    "duration": 9040,
    "testsRegistered": 2,
    "passPercent": 100,
    "pendingPercent": 0,
    "other": 0,
    "hasOther": false,
    "skipped": 0,
    "hasSkipped": false
  },
  "results": [
    {
      "uuid": "444daef5-e410-42f2-8f95-629092c64a1f",
      "title": "",
      "fullFile": "cypress\\e2e\\lesson20.cy.js",
      "file": "cypress\\e2e\\lesson20.cy.js",
      "beforeHooks": [],
      "afterHooks": [],
      "tests": [],
      "suites": [
        {
          "uuid": "6d932186-4317-46aa-8b75-d2e6f93c722b",
          "title": "Функціонал реєстрації та логіну",
          "fullFile": "",
          "file": "",
          "beforeHooks": [],
          "afterHooks": [],
          "tests": [
            {
              "title": "Успішна реєстрація нового користувача",
              "fullTitle": "Функціонал реєстрації та логіну Успішна реєстрація нового користувача",
              "timedOut": null,
              "duration": 6026,
              "state": "passed",
              "speed": "medium",
              "pass": true,
              "fail": false,
              "pending": false,
              "context": null,
              "code": "cy.get('button').contains('Sign up').click();\n// Заповнення форми реєстрації\ncy.get('#signupName').type('Ivan');\ncy.get('#signupLastName').type('Testov');\ncy.get('#signupEmail').type(userEmail);\n// Використовуємо нашу кастомну опцію { sensitive: true }\ncy.get('#signupPassword').type(userPassword, {\n  sensitive: true\n});\ncy.get('#signupRepeatPassword').type(userPassword, {\n  sensitive: true\n});\ncy.get('.modal-footer .btn-primary').click();\n// Перевірка, що реєстрація пройшла і ми в кабінеті\ncy.url().should('include', '/panel/garage');\ncy.get('h1').should('contain', 'Garage');",
              "err": {},
              "uuid": "9d850675-86af-4226-9dcf-5f5e6f4d281f",
              "parentUUID": "6d932186-4317-46aa-8b75-d2e6f93c722b",
              "isHook": false,
              "skipped": false
            },
            {
              "title": "Логін створеним користувачем через кастомну команду login()",
              "fullTitle": "Функціонал реєстрації та логіну Логін створеним користувачем через кастомну команду login()",
              "timedOut": null,
              "duration": 2908,
              "state": "passed",
              "speed": "fast",
              "pass": true,
              "fail": false,
              "pending": false,
              "context": null,
              "code": "// Викликаємо команду, яку ми щойно додали в commands.js\ncy.login(userEmail, userPassword);\n// Перевірка успішного входу\ncy.url().should('include', '/panel/garage');\ncy.contains('button', 'My profile').should('be.visible');",
              "err": {},
              "uuid": "4ad3e7c0-0cc3-4cf8-bf60-471d003eea44",
              "parentUUID": "6d932186-4317-46aa-8b75-d2e6f93c722b",
              "isHook": false,
              "skipped": false
            }
          ],
          "suites": [],
          "passes": [
            "9d850675-86af-4226-9dcf-5f5e6f4d281f",
            "4ad3e7c0-0cc3-4cf8-bf60-471d003eea44"
          ],
          "failures": [],
          "pending": [],
          "skipped": [],
          "duration": 8934,
          "root": false,
          "rootEmpty": false,
          "_timeout": 2000
        }
      ],
      "passes": [],
      "failures": [],
      "pending": [],
      "skipped": [],
      "duration": 0,
      "root": true,
      "rootEmpty": true,
      "_timeout": 2000
    }
  ],
  "meta": {
    "mocha": {
      "version": "7.2.0"
    },
    "mochawesome": {
      "options": {
        "quiet": false,
        "reportFilename": "mochawesome",
        "saveHtml": true,
        "saveJson": true,
        "consoleReporter": "spec",
        "useInlineDiffs": false,
        "code": true
      },
      "version": "7.1.4"
    },
    "marge": {
      "options": {
        "reportDir": "cypress/results",
        "overwrite": false,
        "html": true,
        "json": true
      },
      "version": "6.3.2"
    }
  }
}