{
  "stats": {
    "suites": 1,
    "tests": 2,
    "passes": 1,
    "pending": 0,
    "failures": 1,
    "start": "2025-12-23T17:32:27.959Z",
    "end": "2025-12-23T17:32:42.596Z",
    "duration": 14637,
    "testsRegistered": 2,
    "passPercent": 50,
    "pendingPercent": 0,
    "other": 0,
    "hasOther": false,
    "skipped": 0,
    "hasSkipped": false
  },
  "results": [
    {
      "uuid": "d9af9c5f-a888-490e-9fc1-0b00c49164bc",
      "title": "",
      "fullFile": "cypress\\e2e\\lesson20.cy.js",
      "file": "cypress\\e2e\\lesson20.cy.js",
      "beforeHooks": [],
      "afterHooks": [],
      "tests": [],
      "suites": [
        {
          "uuid": "16f3cc51-f4e1-42e2-b01a-cd28cc92c262",
          "title": "Функціонал реєстрації та логіну",
          "fullFile": "",
          "file": "",
          "beforeHooks": [],
          "afterHooks": [],
          "tests": [
            {
              "title": "Успішна реєстрація нового користувача",
              "fullTitle": "Функціонал реєстрації та логіну Успішна реєстрація нового користувача",
              "timedOut": null,
              "duration": 4848,
              "state": "passed",
              "speed": "fast",
              "pass": true,
              "fail": false,
              "pending": false,
              "context": null,
              "code": "cy.get('button').contains('Sign up').click();\n// Заповнення форми реєстрації\ncy.get('#signupName').type('Ivan');\ncy.get('#signupLastName').type('Testov');\ncy.get('#signupEmail').type(userEmail);\n// Використовуємо нашу кастомну опцію { sensitive: true }\ncy.get('#signupPassword').type(userPassword, {\n  sensitive: true\n});\ncy.get('#signupRepeatPassword').type(userPassword, {\n  sensitive: true\n});\ncy.get('.modal-footer .btn-primary').click();\n// Перевірка, що реєстрація пройшла і ми в кабінеті\ncy.url().should('include', '/panel/garage');\ncy.get('h1').should('contain', 'Garage');",
              "err": {},
              "uuid": "e3b95da6-f7a6-4f97-a9f3-cf1129859def",
              "parentUUID": "16f3cc51-f4e1-42e2-b01a-cd28cc92c262",
              "isHook": false,
              "skipped": false
            },
            {
              "title": "Логін створеним користувачем через кастомну команду login()",
              "fullTitle": "Функціонал реєстрації та логіну Логін створеним користувачем через кастомну команду login()",
              "timedOut": null,
              "duration": 8137,
              "state": "failed",
              "speed": null,
              "pass": false,
              "fail": true,
              "pending": false,
              "context": null,
              "code": "// Викликаємо команду, яку ми щойно додали в commands.js\ncy.login(userEmail, userPassword);\n// Перевірка успішного входу\ncy.url().should('include', '/panel/garage');\ncy.contains('button', 'My profile').should('be.visible');",
              "err": {
                "message": "CypressError: Timed out retrying after 4000ms: The command was expected to run against origin `https://qauto.forstudy.space` but the application is at origin `https://qauto2.forstudy.space`.\n\nThis commonly happens when you have either not navigated to the expected origin or have navigated away unexpectedly.\n\nUsing `cy.origin()` to wrap the commands run on `https://qauto2.forstudy.space` will likely fix this issue.\n\n`cy.origin('https://qauto2.forstudy.space', () => {`\n`  <commands targeting https://qauto2.forstudy.space go here>`\n`})`\n\nhttps://on.cypress.io/cy-visit-succeeded-but-commands-fail",
                "estack": "CypressError: Timed out retrying after 4000ms: The command was expected to run against origin `https://qauto.forstudy.space` but the application is at origin `https://qauto2.forstudy.space`.\n\nThis commonly happens when you have either not navigated to the expected origin or have navigated away unexpectedly.\n\nUsing `cy.origin()` to wrap the commands run on `https://qauto2.forstudy.space` will likely fix this issue.\n\n`cy.origin('https://qauto2.forstudy.space', () => {`\n`  <commands targeting https://qauto2.forstudy.space go here>`\n`})`\n\nhttps://on.cypress.io/cy-visit-succeeded-but-commands-fail\n    at cypressErr (https://qauto.forstudy.space/__cypress/runner/cypress_runner.js:77985:18)\n    at Object.errByPath (https://qauto.forstudy.space/__cypress/runner/cypress_runner.js:78053:10)\n    at Object.commandCanCommunicateWithAUT (https://qauto.forstudy.space/__cypress/runner/cypress_runner.js:152773:90)\n    at <unknown> (https://qauto.forstudy.space/__cypress/runner/cypress_runner.js:135005:22)\n    at Object.subjectFn (https://qauto.forstudy.space/__cypress/runner/cypress_runner.js:151615:16)\n    at $Cy.verifyUpcomingAssertions (https://qauto.forstudy.space/__cypress/runner/cypress_runner.js:150943:31)\n    at onRetry (https://qauto.forstudy.space/__cypress/runner/cypress_runner.js:151606:15)\n    at tryCatcher (https://qauto.forstudy.space/__cypress/runner/cypress_runner.js:1777:23)\n    at Promise.attempt.Promise.try (https://qauto.forstudy.space/__cypress/runner/cypress_runner.js:4285:29)\n    at whenStable (https://qauto.forstudy.space/__cypress/runner/cypress_runner.js:151493:68)\n    at <unknown> (https://qauto.forstudy.space/__cypress/runner/cypress_runner.js:151434:14)\n    at tryCatcher (https://qauto.forstudy.space/__cypress/runner/cypress_runner.js:1777:23)\n    at Promise._settlePromiseFromHandler (https://qauto.forstudy.space/__cypress/runner/cypress_runner.js:1489:31)\n    at Promise._settlePromise (https://qauto.forstudy.space/__cypress/runner/cypress_runner.js:1546:18)\n    at Promise._settlePromise0 (https://qauto.forstudy.space/__cypress/runner/cypress_runner.js:1591:10)\n    at Promise._settlePromises (https://qauto.forstudy.space/__cypress/runner/cypress_runner.js:1671:18)\n    at Promise._fulfill (https://qauto.forstudy.space/__cypress/runner/cypress_runner.js:1615:18)\n    at <unknown> (https://qauto.forstudy.space/__cypress/runner/cypress_runner.js:5420:46)\nFrom Your Spec Code:\n    at Context.eval (webpack://cypress-project/./cypress/support/commands.js:42:5)\n    at wrapped (https://qauto.forstudy.space/__cypress/runner/cypress_runner.js:145810:43)",
                "diff": null
              },
              "uuid": "7277e39e-1e2a-4952-b534-bcfb98fb4f0f",
              "parentUUID": "16f3cc51-f4e1-42e2-b01a-cd28cc92c262",
              "isHook": false,
              "skipped": false
            }
          ],
          "suites": [],
          "passes": [
            "e3b95da6-f7a6-4f97-a9f3-cf1129859def"
          ],
          "failures": [
            "7277e39e-1e2a-4952-b534-bcfb98fb4f0f"
          ],
          "pending": [],
          "skipped": [],
          "duration": 12985,
          "root": false,
          "rootEmpty": false,
          "_timeout": 2000
        }
      ],
      "passes": [],
      "failures": [],
      "pending": [],
      "skipped": [],
      "duration": 0,
      "root": true,
      "rootEmpty": true,
      "_timeout": 2000
    }
  ],
  "meta": {
    "mocha": {
      "version": "7.2.0"
    },
    "mochawesome": {
      "options": {
        "quiet": false,
        "reportFilename": "mochawesome",
        "saveHtml": true,
        "saveJson": true,
        "consoleReporter": "spec",
        "useInlineDiffs": false,
        "code": true
      },
      "version": "7.1.4"
    },
    "marge": {
      "options": {
        "reportDir": "cypress/results",
        "overwrite": false,
        "html": true,
        "json": true
      },
      "version": "6.3.2"
    }
  }
}