{
  "stats": {
    "suites": 1,
    "tests": 1,
    "passes": 0,
    "pending": 0,
    "failures": 1,
    "start": "2025-12-23T17:34:03.191Z",
    "end": "2025-12-23T17:34:10.741Z",
    "duration": 7550,
    "testsRegistered": 1,
    "passPercent": 0,
    "pendingPercent": 0,
    "other": 0,
    "hasOther": false,
    "skipped": 0,
    "hasSkipped": false
  },
  "results": [
    {
      "uuid": "ac4b13f0-a0ca-4da5-b868-9374b6eeafc6",
      "title": "",
      "fullFile": "cypress\\e2e\\lesson21.cy.js",
      "file": "cypress\\e2e\\lesson21.cy.js",
      "beforeHooks": [],
      "afterHooks": [],
      "tests": [],
      "suites": [
        {
          "uuid": "70eddfbf-977f-4fd8-9bfd-ca8606c24825",
          "title": "Garage and Expenses Tests",
          "fullFile": "",
          "file": "",
          "beforeHooks": [],
          "afterHooks": [],
          "tests": [
            {
              "title": "Should add a car and fuel expenses",
              "fullTitle": "Garage and Expenses Tests Should add a car and fuel expenses",
              "timedOut": null,
              "duration": 7476,
              "state": "failed",
              "speed": null,
              "pass": false,
              "fail": true,
              "pending": false,
              "context": null,
              "code": "_GaragePage.default.addCar('BMW', 'X5', '100'); // Використовуємо POM\n_GaragePage.default.addExpense('150', '10', '500'); // Використовуємо POM\ncy.contains('Expense added').should('be.visible');",
              "err": {
                "message": "AssertionError: Timed out retrying after 4000ms: Expected to find content: 'Add car' within the element: <button.btn.btn-primary> but never did.",
                "estack": "AssertionError: Timed out retrying after 4000ms: Expected to find content: 'Add car' within the element: <button.btn.btn-primary> but never did.\n    at get addCarButton (webpack://cypress-project/./cypress/pageObjects/GaragePage.js:3:49)\n    at GaragePage.addCar (webpack://cypress-project/./cypress/pageObjects/GaragePage.js:11:13)\n    at Context.eval (webpack://cypress-project/./cypress/e2e/lesson21.cy.js:10:15)",
                "diff": null
              },
              "uuid": "76e1af1c-6baf-4d0c-bfeb-0bd619178946",
              "parentUUID": "70eddfbf-977f-4fd8-9bfd-ca8606c24825",
              "isHook": false,
              "skipped": false
            }
          ],
          "suites": [],
          "passes": [],
          "failures": [
            "76e1af1c-6baf-4d0c-bfeb-0bd619178946"
          ],
          "pending": [],
          "skipped": [],
          "duration": 7476,
          "root": false,
          "rootEmpty": false,
          "_timeout": 2000
        }
      ],
      "passes": [],
      "failures": [],
      "pending": [],
      "skipped": [],
      "duration": 0,
      "root": true,
      "rootEmpty": true,
      "_timeout": 2000
    }
  ],
  "meta": {
    "mocha": {
      "version": "7.2.0"
    },
    "mochawesome": {
      "options": {
        "quiet": false,
        "reportFilename": "mochawesome",
        "saveHtml": true,
        "saveJson": true,
        "consoleReporter": "spec",
        "useInlineDiffs": false,
        "code": true
      },
      "version": "7.1.4"
    },
    "marge": {
      "options": {
        "reportDir": "cypress/results",
        "overwrite": false,
        "html": true,
        "json": true
      },
      "version": "6.3.2"
    }
  }
}