{
  "stats": {
    "suites": 1,
    "tests": 2,
    "passes": 2,
    "pending": 0,
    "failures": 0,
    "start": "2025-12-29T19:11:07.959Z",
    "end": "2025-12-29T19:11:18.743Z",
    "duration": 10784,
    "testsRegistered": 2,
    "passPercent": 100,
    "pendingPercent": 0,
    "other": 0,
    "hasOther": false,
    "skipped": 0,
    "hasSkipped": false
  },
  "results": [
    {
      "uuid": "fc77ffc9-5607-4e39-9912-9a29f1cd3c29",
      "title": "",
      "fullFile": "cypress\\e2e\\lesson20.cy.js",
      "file": "cypress\\e2e\\lesson20.cy.js",
      "beforeHooks": [],
      "afterHooks": [],
      "tests": [],
      "suites": [
        {
          "uuid": "03dec270-a213-404f-a25e-7850f07bf7b9",
          "title": "Функціонал реєстрації та логіну",
          "fullFile": "",
          "file": "",
          "beforeHooks": [],
          "afterHooks": [],
          "tests": [
            {
              "title": "Успішна реєстрація нового користувача",
              "fullTitle": "Функціонал реєстрації та логіну Успішна реєстрація нового користувача",
              "timedOut": null,
              "duration": 5704,
              "state": "passed",
              "speed": "medium",
              "pass": true,
              "fail": false,
              "pending": false,
              "context": null,
              "code": "cy.get('button').contains('Sign up').click();\n// Заповнення форми реєстрації\ncy.get('#signupName').type('Ivan');\ncy.get('#signupLastName').type('Testov');\ncy.get('#signupEmail').type(userEmail);\n// Використовуємо нашу кастомну опцію { sensitive: true }\ncy.get('#signupPassword').type(userPassword, {\n  sensitive: true\n});\ncy.get('#signupRepeatPassword').type(userPassword, {\n  sensitive: true\n});\ncy.get('.modal-footer .btn-primary').click();\n// Перевірка, що реєстрація пройшла і ми в кабінеті\ncy.url().should('include', '/panel/garage');\ncy.get('h1').should('contain', 'Garage');",
              "err": {},
              "uuid": "8ad30966-f229-49f7-b526-6864fbc1d190",
              "parentUUID": "03dec270-a213-404f-a25e-7850f07bf7b9",
              "isHook": false,
              "skipped": false
            },
            {
              "title": "Логін створеним користувачем через кастомну команду login()",
              "fullTitle": "Функціонал реєстрації та логіну Логін створеним користувачем через кастомну команду login()",
              "timedOut": null,
              "duration": 4827,
              "state": "passed",
              "speed": "fast",
              "pass": true,
              "fail": false,
              "pending": false,
              "context": null,
              "code": "// Викликаємо команду, яку ми щойно додали в commands.js\ncy.login(userEmail, userPassword);\n// Перевірка успішного входу\ncy.url().should('include', '/panel/garage');\ncy.contains('button', 'My profile').should('be.visible');",
              "err": {},
              "uuid": "c591796e-c4da-4cd3-a2df-3d064d46fff8",
              "parentUUID": "03dec270-a213-404f-a25e-7850f07bf7b9",
              "isHook": false,
              "skipped": false
            }
          ],
          "suites": [],
          "passes": [
            "8ad30966-f229-49f7-b526-6864fbc1d190",
            "c591796e-c4da-4cd3-a2df-3d064d46fff8"
          ],
          "failures": [],
          "pending": [],
          "skipped": [],
          "duration": 10531,
          "root": false,
          "rootEmpty": false,
          "_timeout": 2000
        }
      ],
      "passes": [],
      "failures": [],
      "pending": [],
      "skipped": [],
      "duration": 0,
      "root": true,
      "rootEmpty": true,
      "_timeout": 2000
    }
  ],
  "meta": {
    "mocha": {
      "version": "7.2.0"
    },
    "mochawesome": {
      "options": {
        "quiet": false,
        "reportFilename": "mochawesome",
        "saveHtml": true,
        "saveJson": true,
        "consoleReporter": "spec",
        "useInlineDiffs": false,
        "code": true
      },
      "version": "7.1.4"
    },
    "marge": {
      "options": {
        "reportDir": "cypress/results",
        "overwrite": false,
        "html": true,
        "json": true
      },
      "version": "6.3.2"
    }
  }
}