{
  "stats": {
    "suites": 1,
    "tests": 1,
    "passes": 0,
    "pending": 0,
    "failures": 1,
    "start": "2025-12-29T19:47:00.245Z",
    "end": "2025-12-29T19:47:13.405Z",
    "duration": 13160,
    "testsRegistered": 1,
    "passPercent": 0,
    "pendingPercent": 0,
    "other": 0,
    "hasOther": false,
    "skipped": 0,
    "hasSkipped": false
  },
  "results": [
    {
      "uuid": "dbfe7287-1341-4684-9df8-1d3bc221ec70",
      "title": "",
      "fullFile": "cypress\\e2e\\lesson21.cy.js",
      "file": "cypress\\e2e\\lesson21.cy.js",
      "beforeHooks": [],
      "afterHooks": [],
      "tests": [],
      "suites": [
        {
          "uuid": "0a3623e9-4309-44dc-8416-76fd3d45c8cf",
          "title": "Garage and Expenses Tests",
          "fullFile": "",
          "file": "",
          "beforeHooks": [],
          "afterHooks": [],
          "tests": [
            {
              "title": "Should add a car and fuel expenses",
              "fullTitle": "Garage and Expenses Tests Should add a car and fuel expenses",
              "timedOut": null,
              "duration": 13079,
              "state": "failed",
              "speed": null,
              "pass": false,
              "fail": true,
              "pending": false,
              "context": null,
              "code": "// Додаємо машину\n_GaragePage.default.addCar('BMW', 'X5', '100');\n// Додаємо витрати. Передаємо конкретні значення.\n_GaragePage.default.addExpense('150', '10', '500');\n// Перевірка результату\ncy.get('.modal-content').should('not.exist'); // Модалка закрилася\ncy.url().should('include', '/expenses'); // Ми перейшли в розділ витрат",
              "err": {
                "message": "AssertionError: Timed out retrying after 4000ms: Expected <div.modal-content> not to exist in the DOM, but it was continuously found.",
                "estack": "AssertionError: Timed out retrying after 4000ms: Expected <div.modal-content> not to exist in the DOM, but it was continuously found.\n    at Context.eval (webpack://cypress-project/./cypress/e2e/lesson21.cy.js:19:29)",
                "diff": null
              },
              "uuid": "3f7b4f67-c41c-40ba-8015-93a2a4358894",
              "parentUUID": "0a3623e9-4309-44dc-8416-76fd3d45c8cf",
              "isHook": false,
              "skipped": false
            }
          ],
          "suites": [],
          "passes": [],
          "failures": [
            "3f7b4f67-c41c-40ba-8015-93a2a4358894"
          ],
          "pending": [],
          "skipped": [],
          "duration": 13079,
          "root": false,
          "rootEmpty": false,
          "_timeout": 2000
        }
      ],
      "passes": [],
      "failures": [],
      "pending": [],
      "skipped": [],
      "duration": 0,
      "root": true,
      "rootEmpty": true,
      "_timeout": 2000
    }
  ],
  "meta": {
    "mocha": {
      "version": "7.2.0"
    },
    "mochawesome": {
      "options": {
        "quiet": false,
        "reportFilename": "mochawesome",
        "saveHtml": true,
        "saveJson": true,
        "consoleReporter": "spec",
        "useInlineDiffs": false,
        "code": true
      },
      "version": "7.1.4"
    },
    "marge": {
      "options": {
        "reportDir": "cypress/results",
        "overwrite": false,
        "html": true,
        "json": true
      },
      "version": "6.3.2"
    }
  }
}