{
  "stats": {
    "suites": 1,
    "tests": 2,
    "passes": 2,
    "pending": 0,
    "failures": 0,
    "start": "2025-12-23T17:33:52.358Z",
    "end": "2025-12-23T17:34:00.083Z",
    "duration": 7725,
    "testsRegistered": 2,
    "passPercent": 100,
    "pendingPercent": 0,
    "other": 0,
    "hasOther": false,
    "skipped": 0,
    "hasSkipped": false
  },
  "results": [
    {
      "uuid": "2d4fdf8a-efd4-4d96-9870-0e4e47cf1d08",
      "title": "",
      "fullFile": "cypress\\e2e\\lesson20.cy.js",
      "file": "cypress\\e2e\\lesson20.cy.js",
      "beforeHooks": [],
      "afterHooks": [],
      "tests": [],
      "suites": [
        {
          "uuid": "4e86802f-1d08-4f99-aa8c-8eb55ef542d5",
          "title": "Функціонал реєстрації та логіну",
          "fullFile": "",
          "file": "",
          "beforeHooks": [],
          "afterHooks": [],
          "tests": [
            {
              "title": "Успішна реєстрація нового користувача",
              "fullTitle": "Функціонал реєстрації та логіну Успішна реєстрація нового користувача",
              "timedOut": null,
              "duration": 4620,
              "state": "passed",
              "speed": "fast",
              "pass": true,
              "fail": false,
              "pending": false,
              "context": null,
              "code": "cy.get('button').contains('Sign up').click();\n// Заповнення форми реєстрації\ncy.get('#signupName').type('Ivan');\ncy.get('#signupLastName').type('Testov');\ncy.get('#signupEmail').type(userEmail);\n// Використовуємо нашу кастомну опцію { sensitive: true }\ncy.get('#signupPassword').type(userPassword, {\n  sensitive: true\n});\ncy.get('#signupRepeatPassword').type(userPassword, {\n  sensitive: true\n});\ncy.get('.modal-footer .btn-primary').click();\n// Перевірка, що реєстрація пройшла і ми в кабінеті\ncy.url().should('include', '/panel/garage');\ncy.get('h1').should('contain', 'Garage');",
              "err": {},
              "uuid": "3371c0f0-fa07-4650-826c-b804cb31cd8e",
              "parentUUID": "4e86802f-1d08-4f99-aa8c-8eb55ef542d5",
              "isHook": false,
              "skipped": false
            },
            {
              "title": "Логін створеним користувачем через кастомну команду login()",
              "fullTitle": "Функціонал реєстрації та логіну Логін створеним користувачем через кастомну команду login()",
              "timedOut": null,
              "duration": 2993,
              "state": "passed",
              "speed": "fast",
              "pass": true,
              "fail": false,
              "pending": false,
              "context": null,
              "code": "// Викликаємо команду, яку ми щойно додали в commands.js\ncy.login(userEmail, userPassword);\n// Перевірка успішного входу\ncy.url().should('include', '/panel/garage');\ncy.contains('button', 'My profile').should('be.visible');",
              "err": {},
              "uuid": "1298a469-83f9-48de-be8c-cd25b54de38b",
              "parentUUID": "4e86802f-1d08-4f99-aa8c-8eb55ef542d5",
              "isHook": false,
              "skipped": false
            }
          ],
          "suites": [],
          "passes": [
            "3371c0f0-fa07-4650-826c-b804cb31cd8e",
            "1298a469-83f9-48de-be8c-cd25b54de38b"
          ],
          "failures": [],
          "pending": [],
          "skipped": [],
          "duration": 7613,
          "root": false,
          "rootEmpty": false,
          "_timeout": 2000
        }
      ],
      "passes": [],
      "failures": [],
      "pending": [],
      "skipped": [],
      "duration": 0,
      "root": true,
      "rootEmpty": true,
      "_timeout": 2000
    }
  ],
  "meta": {
    "mocha": {
      "version": "7.2.0"
    },
    "mochawesome": {
      "options": {
        "quiet": false,
        "reportFilename": "mochawesome",
        "saveHtml": true,
        "saveJson": true,
        "consoleReporter": "spec",
        "useInlineDiffs": false,
        "code": true
      },
      "version": "7.1.4"
    },
    "marge": {
      "options": {
        "reportDir": "cypress/results",
        "overwrite": false,
        "html": true,
        "json": true
      },
      "version": "6.3.2"
    }
  }
}