{
  "stats": {
    "suites": 1,
    "tests": 1,
    "passes": 1,
    "pending": 0,
    "failures": 0,
    "start": "2025-12-29T19:47:39.250Z",
    "end": "2025-12-29T19:47:48.467Z",
    "duration": 9217,
    "testsRegistered": 1,
    "passPercent": 100,
    "pendingPercent": 0,
    "other": 0,
    "hasOther": false,
    "skipped": 0,
    "hasSkipped": false
  },
  "results": [
    {
      "uuid": "25085bf0-23a4-4423-84fb-854b4ecdd13f",
      "title": "",
      "fullFile": "cypress\\e2e\\lesson21.cy.js",
      "file": "cypress\\e2e\\lesson21.cy.js",
      "beforeHooks": [],
      "afterHooks": [],
      "tests": [],
      "suites": [
        {
          "uuid": "b8b4c3ee-652f-4ef4-b623-cb28364849a7",
          "title": "Garage and Expenses Tests",
          "fullFile": "",
          "file": "",
          "beforeHooks": [],
          "afterHooks": [],
          "tests": [
            {
              "title": "Should add a car and fuel expenses",
              "fullTitle": "Garage and Expenses Tests Should add a car and fuel expenses",
              "timedOut": null,
              "duration": 9148,
              "state": "passed",
              "speed": "medium",
              "pass": true,
              "fail": false,
              "pending": false,
              "context": null,
              "code": "// Додаємо машину\n_GaragePage.default.addCar('BMW', 'X5', '100');\n// Додаємо витрати. Передаємо конкретні значення.\n_GaragePage.default.addExpense('150', '10', '500');\n// Перевірка результату\ncy.get('.modal-content').should('not.exist'); // Модалка закрилася\ncy.url().should('include', '/expenses'); // Ми перейшли в розділ витрат",
              "err": {},
              "uuid": "6445d683-e670-477c-880b-ff1a65157cd8",
              "parentUUID": "b8b4c3ee-652f-4ef4-b623-cb28364849a7",
              "isHook": false,
              "skipped": false
            }
          ],
          "suites": [],
          "passes": [
            "6445d683-e670-477c-880b-ff1a65157cd8"
          ],
          "failures": [],
          "pending": [],
          "skipped": [],
          "duration": 9148,
          "root": false,
          "rootEmpty": false,
          "_timeout": 2000
        }
      ],
      "passes": [],
      "failures": [],
      "pending": [],
      "skipped": [],
      "duration": 0,
      "root": true,
      "rootEmpty": true,
      "_timeout": 2000
    }
  ],
  "meta": {
    "mocha": {
      "version": "7.2.0"
    },
    "mochawesome": {
      "options": {
        "quiet": false,
        "reportFilename": "mochawesome",
        "saveHtml": true,
        "saveJson": true,
        "consoleReporter": "spec",
        "useInlineDiffs": false,
        "code": true
      },
      "version": "7.1.4"
    },
    "marge": {
      "options": {
        "reportDir": "cypress/results",
        "overwrite": false,
        "html": true,
        "json": true
      },
      "version": "6.3.2"
    }
  }
}